{"/home/ubuntu/Templates/iusmanof-NODEJS-2021Q4/helpers/checkUpperCase.js": {"path":"/home/ubuntu/Templates/iusmanof-NODEJS-2021Q4/helpers/checkUpperCase.js","statementMap":{"0":{"start":{"line":1,"column":23},"end":{"line":1,"column":68}},"1":{"start":{"line":1,"column":31},"end":{"line":1,"column":67}},"2":{"start":{"line":3,"column":0},"end":{"line":5,"column":2}}},"fnMap":{"0":{"name":"(anonymous_0)","decl":{"start":{"line":1,"column":23},"end":{"line":1,"column":24}},"loc":{"start":{"line":1,"column":31},"end":{"line":1,"column":67}},"line":1}},"branchMap":{"0":{"loc":{"start":{"line":1,"column":31},"end":{"line":1,"column":67}},"type":"cond-expr","locations":[{"start":{"line":1,"column":55},"end":{"line":1,"column":59}},{"start":{"line":1,"column":62},"end":{"line":1,"column":67}}],"line":1}},"s":{"0":1,"1":10,"2":1},"f":{"0":10},"b":{"0":[5,5]},"_coverageSchema":"1a1c01bbd47fc00a2c39e90264f33305004495a9","hash":"fb8e241537314977bbe47f048bf507d5a31bf606"}
}
