{"/home/ubuntu/Templates/iusmanof-NODEJS-2021Q4/cipher/alphabet.js": {"path":"/home/ubuntu/Templates/iusmanof-NODEJS-2021Q4/cipher/alphabet.js","statementMap":{"0":{"start":{"line":1,"column":17},"end":{"line":28,"column":1}},"1":{"start":{"line":30,"column":0},"end":{"line":32,"column":2}}},"fnMap":{},"branchMap":{},"s":{"0":5,"1":5},"f":{},"b":{},"_coverageSchema":"1a1c01bbd47fc00a2c39e90264f33305004495a9","hash":"f858844b87635ca2d261b97835b73f1ba687ce77"}
,"/home/ubuntu/Templates/iusmanof-NODEJS-2021Q4/cipher/atbash.js": {"path":"/home/ubuntu/Templates/iusmanof-NODEJS-2021Q4/cipher/atbash.js","statementMap":{"0":{"start":{"line":1,"column":21},"end":{"line":1,"column":42}},"1":{"start":{"line":2,"column":24},"end":{"line":2,"column":57}},"2":{"start":{"line":3,"column":27},"end":{"line":3,"column":63}},"3":{"start":{"line":4,"column":24},"end":{"line":4,"column":50}},"4":{"start":{"line":7,"column":21},"end":{"line":14,"column":4}},"5":{"start":{"line":8,"column":4},"end":{"line":8,"column":43}},"6":{"start":{"line":8,"column":29},"end":{"line":8,"column":43}},"7":{"start":{"line":9,"column":32},"end":{"line":9,"column":77}},"8":{"start":{"line":10,"column":25},"end":{"line":12,"column":37}},"9":{"start":{"line":13,"column":4},"end":{"line":13,"column":24}},"10":{"start":{"line":15,"column":2},"end":{"line":15,"column":29}},"11":{"start":{"line":19,"column":21},"end":{"line":26,"column":4}},"12":{"start":{"line":20,"column":4},"end":{"line":20,"column":43}},"13":{"start":{"line":20,"column":29},"end":{"line":20,"column":43}},"14":{"start":{"line":21,"column":32},"end":{"line":21,"column":77}},"15":{"start":{"line":22,"column":25},"end":{"line":24,"column":37}},"16":{"start":{"line":25,"column":4},"end":{"line":25,"column":24}},"17":{"start":{"line":27,"column":2},"end":{"line":27,"column":29}},"18":{"start":{"line":30,"column":0},"end":{"line":33,"column":2}}},"fnMap":{"0":{"name":"encodeAtbash","decl":{"start":{"line":6,"column":9},"end":{"line":6,"column":21}},"loc":{"start":{"line":6,"column":28},"end":{"line":16,"column":1}},"line":6},"1":{"name":"(anonymous_1)","decl":{"start":{"line":7,"column":42},"end":{"line":7,"column":43}},"loc":{"start":{"line":7,"column":54},"end":{"line":14,"column":3}},"line":7},"2":{"name":"decodeAtbash","decl":{"start":{"line":18,"column":9},"end":{"line":18,"column":21}},"loc":{"start":{"line":18,"column":28},"end":{"line":28,"column":1}},"line":18},"3":{"name":"(anonymous_3)","decl":{"start":{"line":19,"column":42},"end":{"line":19,"column":43}},"loc":{"start":{"line":19,"column":54},"end":{"line":26,"column":3}},"line":19}},"branchMap":{"0":{"loc":{"start":{"line":8,"column":4},"end":{"line":8,"column":43}},"type":"if","locations":[{"start":{"line":8,"column":4},"end":{"line":8,"column":43}},{"start":{},"end":{}}],"line":8},"1":{"loc":{"start":{"line":10,"column":25},"end":{"line":12,"column":37}},"type":"cond-expr","locations":[{"start":{"line":11,"column":8},"end":{"line":11,"column":51}},{"start":{"line":12,"column":8},"end":{"line":12,"column":37}}],"line":10},"2":{"loc":{"start":{"line":20,"column":4},"end":{"line":20,"column":43}},"type":"if","locations":[{"start":{"line":20,"column":4},"end":{"line":20,"column":43}},{"start":{},"end":{}}],"line":20},"3":{"loc":{"start":{"line":22,"column":25},"end":{"line":24,"column":37}},"type":"cond-expr","locations":[{"start":{"line":23,"column":8},"end":{"line":23,"column":51}},{"start":{"line":24,"column":8},"end":{"line":24,"column":37}}],"line":22}},"s":{"0":2,"1":2,"2":2,"3":2,"4":3,"5":9,"6":3,"7":6,"8":6,"9":6,"10":3,"11":3,"12":9,"13":3,"14":6,"15":6,"16":6,"17":3,"18":2},"f":{"0":3,"1":9,"2":3,"3":9},"b":{"0":[3,6],"1":[3,3],"2":[3,6],"3":[3,3]},"_coverageSchema":"1a1c01bbd47fc00a2c39e90264f33305004495a9","hash":"b635f36444da4e4d21fad68a5dccb61224fad72b"}
,"/home/ubuntu/Templates/iusmanof-NODEJS-2021Q4/cipher/caesar.js": {"path":"/home/ubuntu/Templates/iusmanof-NODEJS-2021Q4/cipher/caesar.js","statementMap":{"0":{"start":{"line":1,"column":21},"end":{"line":1,"column":42}},"1":{"start":{"line":2,"column":24},"end":{"line":2,"column":57}},"2":{"start":{"line":3,"column":27},"end":{"line":3,"column":63}},"3":{"start":{"line":4,"column":14},"end":{"line":4,"column":15}},"4":{"start":{"line":5,"column":24},"end":{"line":7,"column":36}},"5":{"start":{"line":8,"column":24},"end":{"line":8,"column":79}},"6":{"start":{"line":11,"column":21},"end":{"line":18,"column":4}},"7":{"start":{"line":12,"column":4},"end":{"line":12,"column":43}},"8":{"start":{"line":12,"column":29},"end":{"line":12,"column":43}},"9":{"start":{"line":13,"column":32},"end":{"line":13,"column":77}},"10":{"start":{"line":14,"column":25},"end":{"line":16,"column":37}},"11":{"start":{"line":17,"column":4},"end":{"line":17,"column":24}},"12":{"start":{"line":19,"column":2},"end":{"line":19,"column":29}},"13":{"start":{"line":23,"column":21},"end":{"line":30,"column":4}},"14":{"start":{"line":24,"column":4},"end":{"line":24,"column":43}},"15":{"start":{"line":24,"column":29},"end":{"line":24,"column":43}},"16":{"start":{"line":25,"column":32},"end":{"line":25,"column":77}},"17":{"start":{"line":26,"column":25},"end":{"line":28,"column":37}},"18":{"start":{"line":29,"column":4},"end":{"line":29,"column":24}},"19":{"start":{"line":31,"column":2},"end":{"line":31,"column":29}},"20":{"start":{"line":34,"column":0},"end":{"line":37,"column":2}}},"fnMap":{"0":{"name":"encodeCaeser","decl":{"start":{"line":10,"column":9},"end":{"line":10,"column":21}},"loc":{"start":{"line":10,"column":28},"end":{"line":20,"column":1}},"line":10},"1":{"name":"(anonymous_1)","decl":{"start":{"line":11,"column":42},"end":{"line":11,"column":43}},"loc":{"start":{"line":11,"column":54},"end":{"line":18,"column":3}},"line":11},"2":{"name":"decodeCaeser","decl":{"start":{"line":22,"column":9},"end":{"line":22,"column":21}},"loc":{"start":{"line":22,"column":28},"end":{"line":32,"column":1}},"line":22},"3":{"name":"(anonymous_3)","decl":{"start":{"line":23,"column":42},"end":{"line":23,"column":43}},"loc":{"start":{"line":23,"column":54},"end":{"line":30,"column":3}},"line":23}},"branchMap":{"0":{"loc":{"start":{"line":12,"column":4},"end":{"line":12,"column":43}},"type":"if","locations":[{"start":{"line":12,"column":4},"end":{"line":12,"column":43}},{"start":{},"end":{}}],"line":12},"1":{"loc":{"start":{"line":14,"column":25},"end":{"line":16,"column":37}},"type":"cond-expr","locations":[{"start":{"line":15,"column":8},"end":{"line":15,"column":51}},{"start":{"line":16,"column":8},"end":{"line":16,"column":37}}],"line":14},"2":{"loc":{"start":{"line":24,"column":4},"end":{"line":24,"column":43}},"type":"if","locations":[{"start":{"line":24,"column":4},"end":{"line":24,"column":43}},{"start":{},"end":{}}],"line":24},"3":{"loc":{"start":{"line":26,"column":25},"end":{"line":28,"column":37}},"type":"cond-expr","locations":[{"start":{"line":27,"column":8},"end":{"line":27,"column":51}},{"start":{"line":28,"column":8},"end":{"line":28,"column":37}}],"line":26}},"s":{"0":2,"1":2,"2":2,"3":2,"4":2,"5":2,"6":3,"7":9,"8":3,"9":6,"10":6,"11":6,"12":3,"13":3,"14":9,"15":3,"16":6,"17":6,"18":6,"19":3,"20":2},"f":{"0":3,"1":9,"2":3,"3":9},"b":{"0":[3,6],"1":[3,3],"2":[3,6],"3":[3,3]},"_coverageSchema":"1a1c01bbd47fc00a2c39e90264f33305004495a9","hash":"9d31e5159cb0ed9ff8946d3a90b1f031cf1d7097"}
,"/home/ubuntu/Templates/iusmanof-NODEJS-2021Q4/cipher/rot8.js": {"path":"/home/ubuntu/Templates/iusmanof-NODEJS-2021Q4/cipher/rot8.js","statementMap":{"0":{"start":{"line":1,"column":21},"end":{"line":1,"column":42}},"1":{"start":{"line":2,"column":24},"end":{"line":2,"column":57}},"2":{"start":{"line":3,"column":27},"end":{"line":3,"column":63}},"3":{"start":{"line":4,"column":14},"end":{"line":4,"column":15}},"4":{"start":{"line":5,"column":24},"end":{"line":7,"column":36}},"5":{"start":{"line":8,"column":24},"end":{"line":8,"column":79}},"6":{"start":{"line":11,"column":21},"end":{"line":18,"column":4}},"7":{"start":{"line":12,"column":4},"end":{"line":12,"column":43}},"8":{"start":{"line":12,"column":29},"end":{"line":12,"column":43}},"9":{"start":{"line":13,"column":32},"end":{"line":13,"column":77}},"10":{"start":{"line":14,"column":25},"end":{"line":16,"column":37}},"11":{"start":{"line":17,"column":4},"end":{"line":17,"column":24}},"12":{"start":{"line":19,"column":2},"end":{"line":19,"column":29}},"13":{"start":{"line":23,"column":21},"end":{"line":30,"column":4}},"14":{"start":{"line":24,"column":4},"end":{"line":24,"column":43}},"15":{"start":{"line":24,"column":29},"end":{"line":24,"column":43}},"16":{"start":{"line":25,"column":32},"end":{"line":25,"column":77}},"17":{"start":{"line":26,"column":25},"end":{"line":28,"column":37}},"18":{"start":{"line":29,"column":4},"end":{"line":29,"column":24}},"19":{"start":{"line":31,"column":2},"end":{"line":31,"column":29}},"20":{"start":{"line":34,"column":0},"end":{"line":37,"column":2}}},"fnMap":{"0":{"name":"decodeROT8","decl":{"start":{"line":10,"column":9},"end":{"line":10,"column":19}},"loc":{"start":{"line":10,"column":26},"end":{"line":20,"column":1}},"line":10},"1":{"name":"(anonymous_1)","decl":{"start":{"line":11,"column":42},"end":{"line":11,"column":43}},"loc":{"start":{"line":11,"column":54},"end":{"line":18,"column":3}},"line":11},"2":{"name":"encodeROT8","decl":{"start":{"line":22,"column":9},"end":{"line":22,"column":19}},"loc":{"start":{"line":22,"column":26},"end":{"line":32,"column":1}},"line":22},"3":{"name":"(anonymous_3)","decl":{"start":{"line":23,"column":42},"end":{"line":23,"column":43}},"loc":{"start":{"line":23,"column":54},"end":{"line":30,"column":3}},"line":23}},"branchMap":{"0":{"loc":{"start":{"line":12,"column":4},"end":{"line":12,"column":43}},"type":"if","locations":[{"start":{"line":12,"column":4},"end":{"line":12,"column":43}},{"start":{},"end":{}}],"line":12},"1":{"loc":{"start":{"line":14,"column":25},"end":{"line":16,"column":37}},"type":"cond-expr","locations":[{"start":{"line":15,"column":8},"end":{"line":15,"column":51}},{"start":{"line":16,"column":8},"end":{"line":16,"column":37}}],"line":14},"2":{"loc":{"start":{"line":24,"column":4},"end":{"line":24,"column":43}},"type":"if","locations":[{"start":{"line":24,"column":4},"end":{"line":24,"column":43}},{"start":{},"end":{}}],"line":24},"3":{"loc":{"start":{"line":26,"column":25},"end":{"line":28,"column":37}},"type":"cond-expr","locations":[{"start":{"line":27,"column":8},"end":{"line":27,"column":51}},{"start":{"line":28,"column":8},"end":{"line":28,"column":37}}],"line":26}},"s":{"0":2,"1":2,"2":2,"3":2,"4":2,"5":2,"6":3,"7":9,"8":3,"9":6,"10":6,"11":6,"12":3,"13":3,"14":9,"15":3,"16":6,"17":6,"18":6,"19":3,"20":2},"f":{"0":3,"1":9,"2":3,"3":9},"b":{"0":[3,6],"1":[3,3],"2":[3,6],"3":[3,3]},"_coverageSchema":"1a1c01bbd47fc00a2c39e90264f33305004495a9","hash":"2076b749be77e126c0bab87c6c35beabfea13710"}
,"/home/ubuntu/Templates/iusmanof-NODEJS-2021Q4/global/constData.js": {"path":"/home/ubuntu/Templates/iusmanof-NODEJS-2021Q4/global/constData.js","statementMap":{"0":{"start":{"line":1,"column":16},"end":{"line":1,"column":20}},"1":{"start":{"line":2,"column":21},"end":{"line":2,"column":31}},"2":{"start":{"line":3,"column":20},"end":{"line":3,"column":24}},"3":{"start":{"line":4,"column":21},"end":{"line":4,"column":25}},"4":{"start":{"line":6,"column":19},"end":{"line":6,"column":33}},"5":{"start":{"line":8,"column":0},"end":{"line":14,"column":2}}},"fnMap":{},"branchMap":{},"s":{"0":3,"1":3,"2":3,"3":3,"4":3,"5":3},"f":{},"b":{},"_coverageSchema":"1a1c01bbd47fc00a2c39e90264f33305004495a9","hash":"f39dc1a052e6b0d02d8bbf85cb2a6e0cbb5aec65"}
,"/home/ubuntu/Templates/iusmanof-NODEJS-2021Q4/helpers/checkLetter.js": {"path":"/home/ubuntu/Templates/iusmanof-NODEJS-2021Q4/helpers/checkLetter.js","statementMap":{"0":{"start":{"line":1,"column":20},"end":{"line":1,"column":66}},"1":{"start":{"line":1,"column":28},"end":{"line":1,"column":65}},"2":{"start":{"line":3,"column":0},"end":{"line":5,"column":2}}},"fnMap":{"0":{"name":"(anonymous_0)","decl":{"start":{"line":1,"column":20},"end":{"line":1,"column":21}},"loc":{"start":{"line":1,"column":28},"end":{"line":1,"column":65}},"line":1}},"branchMap":{"0":{"loc":{"start":{"line":1,"column":28},"end":{"line":1,"column":65}},"type":"cond-expr","locations":[{"start":{"line":1,"column":53},"end":{"line":1,"column":57}},{"start":{"line":1,"column":60},"end":{"line":1,"column":65}}],"line":1}},"s":{"0":5,"1":57,"2":5},"f":{"0":57},"b":{"0":[20,37]},"_coverageSchema":"1a1c01bbd47fc00a2c39e90264f33305004495a9","hash":"afe83088e6dc35e943197079c91fca5e6889eb0c"}
,"/home/ubuntu/Templates/iusmanof-NODEJS-2021Q4/helpers/checkOptionDublicate.js": {"path":"/home/ubuntu/Templates/iusmanof-NODEJS-2021Q4/helpers/checkOptionDublicate.js","statementMap":{"0":{"start":{"line":6,"column":4},"end":{"line":6,"column":34}},"1":{"start":{"line":8,"column":0},"end":{"line":41,"column":2}},"2":{"start":{"line":9,"column":22},"end":{"line":13,"column":9}},"3":{"start":{"line":10,"column":4},"end":{"line":13,"column":9}},"4":{"start":{"line":11,"column":6},"end":{"line":11,"column":28}},"5":{"start":{"line":11,"column":24},"end":{"line":11,"column":28}},"6":{"start":{"line":12,"column":6},"end":{"line":12,"column":15}},"7":{"start":{"line":15,"column":2},"end":{"line":22,"column":3}},"8":{"start":{"line":21,"column":4},"end":{"line":21,"column":17}},"9":{"start":{"line":24,"column":2},"end":{"line":26,"column":3}},"10":{"start":{"line":25,"column":4},"end":{"line":25,"column":17}},"11":{"start":{"line":28,"column":2},"end":{"line":30,"column":3}},"12":{"start":{"line":29,"column":4},"end":{"line":29,"column":17}},"13":{"start":{"line":32,"column":2},"end":{"line":34,"column":3}},"14":{"start":{"line":33,"column":4},"end":{"line":33,"column":17}},"15":{"start":{"line":36,"column":2},"end":{"line":38,"column":3}},"16":{"start":{"line":37,"column":4},"end":{"line":37,"column":17}},"17":{"start":{"line":40,"column":2},"end":{"line":40,"column":14}}},"fnMap":{"0":{"name":"(anonymous_0)","decl":{"start":{"line":8,"column":38},"end":{"line":8,"column":39}},"loc":{"start":{"line":8,"column":48},"end":{"line":41,"column":1}},"line":8},"1":{"name":"(anonymous_1)","decl":{"start":{"line":9,"column":22},"end":{"line":9,"column":23}},"loc":{"start":{"line":10,"column":4},"end":{"line":13,"column":9}},"line":10},"2":{"name":"(anonymous_2)","decl":{"start":{"line":10,"column":16},"end":{"line":10,"column":17}},"loc":{"start":{"line":10,"column":26},"end":{"line":13,"column":5}},"line":10}},"branchMap":{"0":{"loc":{"start":{"line":11,"column":6},"end":{"line":11,"column":28}},"type":"if","locations":[{"start":{"line":11,"column":6},"end":{"line":11,"column":28}},{"start":{},"end":{}}],"line":11},"1":{"loc":{"start":{"line":15,"column":2},"end":{"line":22,"column":3}},"type":"if","locations":[{"start":{"line":15,"column":2},"end":{"line":22,"column":3}},{"start":{},"end":{}}],"line":15},"2":{"loc":{"start":{"line":16,"column":4},"end":{"line":19,"column":34}},"type":"binary-expr","locations":[{"start":{"line":16,"column":4},"end":{"line":16,"column":34}},{"start":{"line":17,"column":4},"end":{"line":17,"column":29}},{"start":{"line":18,"column":4},"end":{"line":18,"column":33}},{"start":{"line":19,"column":4},"end":{"line":19,"column":34}}],"line":16},"3":{"loc":{"start":{"line":24,"column":2},"end":{"line":26,"column":3}},"type":"if","locations":[{"start":{"line":24,"column":2},"end":{"line":26,"column":3}},{"start":{},"end":{}}],"line":24},"4":{"loc":{"start":{"line":28,"column":2},"end":{"line":30,"column":3}},"type":"if","locations":[{"start":{"line":28,"column":2},"end":{"line":30,"column":3}},{"start":{},"end":{}}],"line":28},"5":{"loc":{"start":{"line":32,"column":2},"end":{"line":34,"column":3}},"type":"if","locations":[{"start":{"line":32,"column":2},"end":{"line":34,"column":3}},{"start":{},"end":{}}],"line":32},"6":{"loc":{"start":{"line":36,"column":2},"end":{"line":38,"column":3}},"type":"if","locations":[{"start":{"line":36,"column":2},"end":{"line":38,"column":3}},{"start":{},"end":{}}],"line":36}},"s":{"0":1,"1":1,"2":13,"3":57,"4":162,"5":41,"6":162,"7":13,"8":1,"9":12,"10":2,"11":10,"12":2,"13":8,"14":2,"15":6,"16":2,"17":4},"f":{"0":13,"1":57,"2":162},"b":{"0":[41,121],"1":[1,12],"2":[13,5,2,1],"3":[2,10],"4":[2,8],"5":[2,6],"6":[2,4]},"_coverageSchema":"1a1c01bbd47fc00a2c39e90264f33305004495a9","hash":"9cba9dccdf57bfc502ec66d19c322fe31e20ba43"}
,"/home/ubuntu/Templates/iusmanof-NODEJS-2021Q4/helpers/checkOptionRequire.js": {"path":"/home/ubuntu/Templates/iusmanof-NODEJS-2021Q4/helpers/checkOptionRequire.js","statementMap":{"0":{"start":{"line":1,"column":34},"end":{"line":1,"column":64}},"1":{"start":{"line":3,"column":0},"end":{"line":4,"column":56}},"2":{"start":{"line":4,"column":2},"end":{"line":4,"column":55}}},"fnMap":{"0":{"name":"(anonymous_0)","decl":{"start":{"line":3,"column":36},"end":{"line":3,"column":37}},"loc":{"start":{"line":4,"column":2},"end":{"line":4,"column":55}},"line":4}},"branchMap":{"0":{"loc":{"start":{"line":4,"column":2},"end":{"line":4,"column":55}},"type":"binary-expr","locations":[{"start":{"line":4,"column":2},"end":{"line":4,"column":24}},{"start":{"line":4,"column":28},"end":{"line":4,"column":55}}],"line":4}},"s":{"0":1,"1":1,"2":4},"f":{"0":4},"b":{"0":[4,3]},"_coverageSchema":"1a1c01bbd47fc00a2c39e90264f33305004495a9","hash":"10eead162b935af7244bf52dc13abb8fc9e6a233"}
,"/home/ubuntu/Templates/iusmanof-NODEJS-2021Q4/helpers/checkTXTformat.js": {"path":"/home/ubuntu/Templates/iusmanof-NODEJS-2021Q4/helpers/checkTXTformat.js","statementMap":{"0":{"start":{"line":1,"column":23},"end":{"line":1,"column":53}},"1":{"start":{"line":3,"column":0},"end":{"line":3,"column":64}},"2":{"start":{"line":3,"column":42},"end":{"line":3,"column":63}}},"fnMap":{"0":{"name":"(anonymous_0)","decl":{"start":{"line":3,"column":32},"end":{"line":3,"column":33}},"loc":{"start":{"line":3,"column":42},"end":{"line":3,"column":63}},"line":3}},"branchMap":{},"s":{"0":1,"1":1,"2":4},"f":{"0":4},"b":{},"_coverageSchema":"1a1c01bbd47fc00a2c39e90264f33305004495a9","hash":"12236b3aeb990da998f020ead78d5ee6551710f0"}
,"/home/ubuntu/Templates/iusmanof-NODEJS-2021Q4/helpers/checkUpperCase.js": {"path":"/home/ubuntu/Templates/iusmanof-NODEJS-2021Q4/helpers/checkUpperCase.js","statementMap":{"0":{"start":{"line":1,"column":23},"end":{"line":1,"column":68}},"1":{"start":{"line":1,"column":31},"end":{"line":1,"column":67}},"2":{"start":{"line":3,"column":0},"end":{"line":5,"column":2}}},"fnMap":{"0":{"name":"(anonymous_0)","decl":{"start":{"line":1,"column":23},"end":{"line":1,"column":24}},"loc":{"start":{"line":1,"column":31},"end":{"line":1,"column":67}},"line":1}},"branchMap":{"0":{"loc":{"start":{"line":1,"column":31},"end":{"line":1,"column":67}},"type":"cond-expr","locations":[{"start":{"line":1,"column":55},"end":{"line":1,"column":59}},{"start":{"line":1,"column":62},"end":{"line":1,"column":67}}],"line":1}},"s":{"0":5,"1":46,"2":5},"f":{"0":46},"b":{"0":[23,23]},"_coverageSchema":"1a1c01bbd47fc00a2c39e90264f33305004495a9","hash":"fb8e241537314977bbe47f048bf507d5a31bf606"}
,"/home/ubuntu/Templates/iusmanof-NODEJS-2021Q4/helpers/getOptionParam.js": {"path":"/home/ubuntu/Templates/iusmanof-NODEJS-2021Q4/helpers/getOptionParam.js","statementMap":{"0":{"start":{"line":1,"column":0},"end":{"line":1,"column":77}},"1":{"start":{"line":1,"column":48},"end":{"line":1,"column":76}}},"fnMap":{"0":{"name":"(anonymous_0)","decl":{"start":{"line":1,"column":32},"end":{"line":1,"column":33}},"loc":{"start":{"line":1,"column":48},"end":{"line":1,"column":76}},"line":1}},"branchMap":{},"s":{"0":1,"1":2},"f":{"0":2},"b":{},"_coverageSchema":"1a1c01bbd47fc00a2c39e90264f33305004495a9","hash":"bf99b025345c1e14d898af72253be4b6f5f5e807"}
,"/home/ubuntu/Templates/iusmanof-NODEJS-2021Q4/helpers/pushArrayOfParams.js": {"path":"/home/ubuntu/Templates/iusmanof-NODEJS-2021Q4/helpers/pushArrayOfParams.js","statementMap":{"0":{"start":{"line":1,"column":24},"end":{"line":1,"column":49}},"1":{"start":{"line":2,"column":39},"end":{"line":2,"column":66}},"2":{"start":{"line":3,"column":39},"end":{"line":3,"column":66}},"3":{"start":{"line":4,"column":35},"end":{"line":4,"column":60}},"4":{"start":{"line":7,"column":25},"end":{"line":7,"column":29}},"5":{"start":{"line":8,"column":26},"end":{"line":8,"column":28}},"6":{"start":{"line":9,"column":17},"end":{"line":9,"column":45}},"7":{"start":{"line":11,"column":2},"end":{"line":32,"column":5}},"8":{"start":{"line":12,"column":4},"end":{"line":31,"column":5}},"9":{"start":{"line":14,"column":8},"end":{"line":14,"column":45}},"10":{"start":{"line":15,"column":8},"end":{"line":15,"column":14}},"11":{"start":{"line":17,"column":8},"end":{"line":17,"column":45}},"12":{"start":{"line":18,"column":8},"end":{"line":18,"column":14}},"13":{"start":{"line":20,"column":8},"end":{"line":22,"column":49}},"14":{"start":{"line":23,"column":8},"end":{"line":23,"column":45}},"15":{"start":{"line":24,"column":8},"end":{"line":24,"column":14}},"16":{"start":{"line":26,"column":8},"end":{"line":26,"column":43}},"17":{"start":{"line":27,"column":8},"end":{"line":27,"column":14}},"18":{"start":{"line":29,"column":8},"end":{"line":29,"column":43}},"19":{"start":{"line":30,"column":8},"end":{"line":30,"column":14}},"20":{"start":{"line":34,"column":2},"end":{"line":34,"column":27}},"21":{"start":{"line":37,"column":0},"end":{"line":39,"column":2}}},"fnMap":{"0":{"name":"pushArrayOfParams","decl":{"start":{"line":6,"column":9},"end":{"line":6,"column":26}},"loc":{"start":{"line":6,"column":33},"end":{"line":35,"column":1}},"line":6},"1":{"name":"(anonymous_1)","decl":{"start":{"line":11,"column":17},"end":{"line":11,"column":18}},"loc":{"start":{"line":11,"column":28},"end":{"line":32,"column":3}},"line":11}},"branchMap":{"0":{"loc":{"start":{"line":12,"column":4},"end":{"line":31,"column":5}},"type":"switch","locations":[{"start":{"line":13,"column":6},"end":{"line":15,"column":14}},{"start":{"line":16,"column":6},"end":{"line":18,"column":14}},{"start":{"line":19,"column":6},"end":{"line":24,"column":14}},{"start":{"line":25,"column":6},"end":{"line":27,"column":14}},{"start":{"line":28,"column":6},"end":{"line":30,"column":14}}],"line":12},"1":{"loc":{"start":{"line":20,"column":8},"end":{"line":22,"column":48}},"type":"cond-expr","locations":[{"start":{"line":21,"column":12},"end":{"line":21,"column":48}},{"start":{"line":22,"column":12},"end":{"line":22,"column":48}}],"line":20}},"s":{"0":1,"1":1,"2":1,"3":1,"4":6,"5":6,"6":6,"7":6,"8":10,"9":2,"10":2,"11":3,"12":3,"13":3,"14":3,"15":3,"16":1,"17":1,"18":1,"19":1,"20":6,"21":1},"f":{"0":6,"1":10},"b":{"0":[2,3,3,1,1],"1":[2,1]},"_coverageSchema":"1a1c01bbd47fc00a2c39e90264f33305004495a9","hash":"e4cdcaa63860d8fb2ba9eb89282bd529804e77d0"}
,"/home/ubuntu/Templates/iusmanof-NODEJS-2021Q4/helpers/regExpHelper.js": {"path":"/home/ubuntu/Templates/iusmanof-NODEJS-2021Q4/helpers/regExpHelper.js","statementMap":{"0":{"start":{"line":1,"column":25},"end":{"line":1,"column":79}},"1":{"start":{"line":2,"column":25},"end":{"line":2,"column":45}},"2":{"start":{"line":4,"column":24},"end":{"line":5,"column":76}},"3":{"start":{"line":5,"column":2},"end":{"line":5,"column":76}},"4":{"start":{"line":5,"column":19},"end":{"line":5,"column":75}},"5":{"start":{"line":7,"column":20},"end":{"line":17,"column":1}},"6":{"start":{"line":9,"column":2},"end":{"line":15,"column":5}},"7":{"start":{"line":10,"column":17},"end":{"line":10,"column":37}},"8":{"start":{"line":11,"column":15},"end":{"line":11,"column":29}},"9":{"start":{"line":12,"column":4},"end":{"line":14,"column":5}},"10":{"start":{"line":13,"column":6},"end":{"line":13,"column":17}},"11":{"start":{"line":16,"column":2},"end":{"line":16,"column":16}},"12":{"start":{"line":19,"column":0},"end":{"line":23,"column":2}}},"fnMap":{"0":{"name":"(anonymous_0)","decl":{"start":{"line":4,"column":24},"end":{"line":4,"column":25}},"loc":{"start":{"line":5,"column":2},"end":{"line":5,"column":76}},"line":5},"1":{"name":"(anonymous_1)","decl":{"start":{"line":5,"column":12},"end":{"line":5,"column":13}},"loc":{"start":{"line":5,"column":19},"end":{"line":5,"column":75}},"line":5},"2":{"name":"(anonymous_2)","decl":{"start":{"line":7,"column":20},"end":{"line":7,"column":21}},"loc":{"start":{"line":7,"column":30},"end":{"line":17,"column":1}},"line":7},"3":{"name":"(anonymous_3)","decl":{"start":{"line":9,"column":14},"end":{"line":9,"column":15}},"loc":{"start":{"line":9,"column":24},"end":{"line":15,"column":3}},"line":9}},"branchMap":{"0":{"loc":{"start":{"line":5,"column":19},"end":{"line":5,"column":75}},"type":"binary-expr","locations":[{"start":{"line":5,"column":19},"end":{"line":5,"column":45}},{"start":{"line":5,"column":49},"end":{"line":5,"column":75}}],"line":5},"1":{"loc":{"start":{"line":12,"column":4},"end":{"line":14,"column":5}},"type":"if","locations":[{"start":{"line":12,"column":4},"end":{"line":14,"column":5}},{"start":{},"end":{}}],"line":12}},"s":{"0":2,"1":2,"2":2,"3":2,"4":2,"5":2,"6":6,"7":36,"8":36,"9":36,"10":6,"11":6,"12":2},"f":{"0":2,"1":2,"2":6,"3":36},"b":{"0":[2,1],"1":[6,30]},"_coverageSchema":"1a1c01bbd47fc00a2c39e90264f33305004495a9","hash":"41105464537c43690353160f22d000e33a279b88"}
}
