TN:
SF:advanced/MyReadFromFileStream.js
FN:5,(anonymous_0)
FN:12,(anonymous_1)
FN:20,(anonymous_2)
FNF:3
FNH:3
FNDA:4,(anonymous_0)
FNDA:5,(anonymous_1)
FNDA:1,(anonymous_2)
DA:1,3
DA:2,3
DA:6,4
DA:7,4
DA:8,4
DA:9,4
DA:13,5
DA:14,5
DA:15,3
DA:17,2
DA:21,1
DA:22,1
DA:23,1
DA:24,1
DA:26,0
DA:31,3
LF:16
LH:15
BRDA:21,0,0,1
BRDA:21,0,1,0
BRF:2
BRH:1
end_of_record
TN:
SF:advanced/MyWriteInFileStream.js
FN:5,(anonymous_0)
FN:17,(anonymous_1)
FN:18,(anonymous_2)
FN:26,(anonymous_3)
FN:35,(anonymous_4)
FNF:5
FNH:4
FNDA:5,(anonymous_0)
FNDA:2,(anonymous_1)
FNDA:0,(anonymous_2)
FNDA:1,(anonymous_3)
FNDA:1,(anonymous_4)
DA:1,3
DA:2,3
DA:6,5
DA:7,5
DA:8,5
DA:10,5
DA:11,3
DA:13,2
DA:18,2
DA:19,0
DA:20,0
DA:21,0
DA:27,1
DA:28,1
DA:29,1
DA:31,0
DA:37,1
DA:39,1
DA:40,1
DA:41,0
DA:42,0
DA:43,0
DA:45,1
DA:49,3
LF:24
LH:17
BRDA:10,0,0,3
BRDA:10,0,1,2
BRDA:19,1,0,0
BRDA:19,1,1,0
BRDA:37,2,0,0
BRDA:37,2,1,1
BRDA:39,3,0,1
BRDA:39,3,1,0
BRDA:40,4,0,0
BRDA:40,4,1,1
BRF:10
BRH:5
end_of_record
TN:
SF:cipher/alphabet.js
FNF:0
FNH:0
DA:1,10
DA:30,10
LF:2
LH:2
BRF:0
BRH:0
end_of_record
TN:
SF:cipher/atbash.js
FN:6,encodeAtbash
FN:7,(anonymous_1)
FN:18,decodeAtbash
FN:19,(anonymous_3)
FNF:4
FNH:4
FNDA:3,encodeAtbash
FNDA:9,(anonymous_1)
FNDA:3,decodeAtbash
FNDA:9,(anonymous_3)
DA:1,7
DA:2,7
DA:3,7
DA:4,7
DA:7,3
DA:8,9
DA:9,6
DA:10,6
DA:13,6
DA:15,3
DA:19,3
DA:20,9
DA:21,6
DA:22,6
DA:25,6
DA:27,3
DA:30,7
LF:17
LH:17
BRDA:8,0,0,3
BRDA:8,0,1,6
BRDA:10,1,0,3
BRDA:10,1,1,3
BRDA:20,2,0,3
BRDA:20,2,1,6
BRDA:22,3,0,3
BRDA:22,3,1,3
BRF:8
BRH:8
end_of_record
TN:
SF:cipher/caesar.js
FN:10,encodeCaeser
FN:11,(anonymous_1)
FN:22,decodeCaeser
FN:23,(anonymous_3)
FNF:4
FNH:4
FNDA:3,encodeCaeser
FNDA:9,(anonymous_1)
FNDA:3,decodeCaeser
FNDA:9,(anonymous_3)
DA:1,7
DA:2,7
DA:3,7
DA:4,7
DA:5,7
DA:8,7
DA:11,3
DA:12,9
DA:13,6
DA:14,6
DA:17,6
DA:19,3
DA:23,3
DA:24,9
DA:25,6
DA:26,6
DA:29,6
DA:31,3
DA:34,7
LF:19
LH:19
BRDA:12,0,0,3
BRDA:12,0,1,6
BRDA:14,1,0,3
BRDA:14,1,1,3
BRDA:24,2,0,3
BRDA:24,2,1,6
BRDA:26,3,0,3
BRDA:26,3,1,3
BRF:8
BRH:8
end_of_record
TN:
SF:cipher/rot8.js
FN:10,decodeROT8
FN:11,(anonymous_1)
FN:22,encodeROT8
FN:23,(anonymous_3)
FNF:4
FNH:4
FNDA:3,decodeROT8
FNDA:9,(anonymous_1)
FNDA:3,encodeROT8
FNDA:9,(anonymous_3)
DA:1,7
DA:2,7
DA:3,7
DA:4,7
DA:5,7
DA:8,7
DA:11,3
DA:12,9
DA:13,6
DA:14,6
DA:17,6
DA:19,3
DA:23,3
DA:24,9
DA:25,6
DA:26,6
DA:29,6
DA:31,3
DA:34,7
LF:19
LH:19
BRDA:12,0,0,3
BRDA:12,0,1,6
BRDA:14,1,0,3
BRDA:14,1,1,3
BRDA:24,2,0,3
BRDA:24,2,1,6
BRDA:26,3,0,3
BRDA:26,3,1,3
BRF:8
BRH:8
end_of_record
TN:
SF:errors/DublicatedError.js
FN:2,(anonymous_0)
FNF:1
FNH:1
FNDA:1,(anonymous_0)
DA:3,1
DA:4,1
DA:8,1
LF:3
LH:3
BRF:0
BRH:0
end_of_record
TN:
SF:errors/FileExistError.js
FN:2,(anonymous_0)
FNF:1
FNH:1
FNDA:1,(anonymous_0)
DA:3,1
DA:4,1
DA:5,1
DA:9,1
LF:4
LH:4
BRF:0
BRH:0
end_of_record
TN:
SF:errors/FileFormatError.js
FN:2,(anonymous_0)
FNF:1
FNH:1
FNDA:1,(anonymous_0)
DA:3,1
DA:8,1
DA:9,1
DA:13,1
LF:4
LH:4
BRF:0
BRH:0
end_of_record
TN:
SF:errors/FileOptionError.js
FN:4,(anonymous_0)
FNF:1
FNH:1
FNDA:1,(anonymous_0)
DA:1,1
DA:5,1
DA:12,1
DA:13,1
DA:17,1
LF:5
LH:5
BRF:0
BRH:0
end_of_record
TN:
SF:errors/FileOptionInputError.js
FN:2,(anonymous_0)
FNF:1
FNH:1
FNDA:1,(anonymous_0)
DA:3,1
DA:4,1
DA:5,1
DA:9,1
LF:4
LH:4
BRF:0
BRH:0
end_of_record
TN:
SF:errors/FileOptionOutputError.js
FN:2,(anonymous_0)
FNF:1
FNH:1
FNDA:1,(anonymous_0)
DA:3,1
DA:4,1
DA:5,1
DA:9,1
LF:4
LH:4
BRF:0
BRH:0
end_of_record
TN:
SF:errors/PropertyError.js
FN:2,(anonymous_0)
FNF:1
FNH:1
FNDA:1,(anonymous_0)
DA:3,1
DA:6,1
DA:10,1
LF:3
LH:3
BRF:0
BRH:0
end_of_record
TN:
SF:errors/RequiredError.js
FN:2,(anonymous_0)
FNF:1
FNH:1
FNDA:2,(anonymous_0)
DA:3,2
DA:4,2
DA:5,2
DA:9,2
LF:4
LH:4
BRF:0
BRH:0
end_of_record
TN:
SF:global/constData.js
FNF:0
FNH:0
DA:1,6
DA:2,6
DA:3,6
DA:4,6
DA:6,6
DA:8,6
LF:6
LH:6
BRF:0
BRH:0
end_of_record
TN:
SF:helpers/checkFileExsist.js
FN:3,(anonymous_0)
FNF:1
FNH:1
FNDA:1,(anonymous_0)
DA:1,1
DA:3,1
LF:2
LH:2
BRF:0
BRH:0
end_of_record
TN:
SF:helpers/checkLetter.js
FN:1,(anonymous_0)
FNF:1
FNH:1
FNDA:57,(anonymous_0)
DA:1,57
DA:3,10
LF:2
LH:2
BRDA:1,0,0,20
BRDA:1,0,1,37
BRF:2
BRH:2
end_of_record
TN:
SF:helpers/checkOption.js
FN:1,(anonymous_0)
FNF:1
FNH:1
FNDA:4,(anonymous_0)
DA:1,4
LF:1
LH:1
BRF:0
BRH:0
end_of_record
TN:
SF:helpers/checkOptionDublicate.js
FN:8,(anonymous_0)
FN:9,(anonymous_1)
FN:10,(anonymous_2)
FNF:3
FNH:3
FNDA:13,(anonymous_0)
FNDA:57,(anonymous_1)
FNDA:162,(anonymous_2)
DA:6,2
DA:8,2
DA:9,13
DA:10,57
DA:11,162
DA:12,162
DA:15,13
DA:21,1
DA:24,12
DA:25,2
DA:28,10
DA:29,2
DA:32,8
DA:33,2
DA:36,6
DA:37,2
DA:40,4
LF:17
LH:17
BRDA:11,0,0,41
BRDA:11,0,1,121
BRDA:15,1,0,1
BRDA:15,1,1,12
BRDA:16,2,0,13
BRDA:16,2,1,5
BRDA:16,2,2,2
BRDA:16,2,3,1
BRDA:24,3,0,2
BRDA:24,3,1,10
BRDA:28,4,0,2
BRDA:28,4,1,8
BRDA:32,5,0,2
BRDA:32,5,1,6
BRDA:36,6,0,2
BRDA:36,6,1,4
BRF:16
BRH:16
end_of_record
TN:
SF:helpers/checkOptionRequire.js
FN:3,(anonymous_0)
FNF:1
FNH:1
FNDA:4,(anonymous_0)
DA:1,1
DA:3,1
DA:4,4
LF:3
LH:3
BRDA:4,0,0,4
BRDA:4,0,1,3
BRF:2
BRH:2
end_of_record
TN:
SF:helpers/checkTXTformat.js
FN:3,(anonymous_0)
FNF:1
FNH:1
FNDA:4,(anonymous_0)
DA:1,1
DA:3,4
LF:2
LH:2
BRF:0
BRH:0
end_of_record
TN:
SF:helpers/checkUpperCase.js
FN:1,(anonymous_0)
FNF:1
FNH:1
FNDA:46,(anonymous_0)
DA:1,46
DA:3,10
LF:2
LH:2
BRDA:1,0,0,23
BRDA:1,0,1,23
BRF:2
BRH:2
end_of_record
TN:
SF:helpers/getOptionParam.js
FN:1,(anonymous_0)
FNF:1
FNH:1
FNDA:3,(anonymous_0)
DA:1,3
LF:1
LH:1
BRF:0
BRH:0
end_of_record
TN:
SF:helpers/pipeInputFileStdout.js
FN:5,pipeInputFileStdout
FNF:1
FNH:0
FNDA:0,pipeInputFileStdout
DA:1,1
DA:2,1
DA:3,1
DA:6,0
DA:7,0
DA:9,0
DA:14,1
LF:7
LH:4
BRF:0
BRH:0
end_of_record
TN:
SF:helpers/pipeStdinOutputFile.js
FN:5,pipeStdinOutputFile
FNF:1
FNH:0
FNDA:0,pipeStdinOutputFile
DA:1,1
DA:2,1
DA:3,1
DA:6,0
DA:8,0
DA:12,0
DA:17,1
LF:7
LH:4
BRF:0
BRH:0
end_of_record
TN:
SF:helpers/pipeStdinStdout.js
FN:4,pipeStdinStdout
FNF:1
FNH:0
FNDA:0,pipeStdinStdout
DA:1,1
DA:2,1
DA:5,0
DA:7,0
DA:12,1
LF:5
LH:3
BRF:0
BRH:0
end_of_record
TN:
SF:helpers/pushArrayOfParams.js
FN:6,pushArrayOfParams
FN:11,(anonymous_1)
FNF:2
FNH:2
FNDA:9,pushArrayOfParams
FNDA:13,(anonymous_1)
DA:1,5
DA:2,5
DA:3,5
DA:4,5
DA:7,9
DA:8,9
DA:9,9
DA:11,9
DA:12,13
DA:14,2
DA:15,2
DA:17,6
DA:18,6
DA:20,3
DA:23,3
DA:24,3
DA:26,1
DA:27,1
DA:29,1
DA:30,1
DA:34,9
DA:37,5
LF:22
LH:22
BRDA:12,0,0,2
BRDA:12,0,1,6
BRDA:12,0,2,3
BRDA:12,0,3,1
BRDA:12,0,4,1
BRDA:20,1,0,2
BRDA:20,1,1,1
BRF:7
BRH:7
end_of_record
TN:
SF:helpers/regExpHelper.js
FN:4,(anonymous_0)
FN:5,(anonymous_1)
FN:7,(anonymous_2)
FN:9,(anonymous_3)
FNF:4
FNH:4
FNDA:3,(anonymous_0)
FNDA:3,(anonymous_1)
FNDA:9,(anonymous_2)
FNDA:54,(anonymous_3)
DA:1,6
DA:2,6
DA:4,6
DA:5,3
DA:7,6
DA:9,9
DA:10,54
DA:11,54
DA:12,54
DA:13,9
DA:16,9
DA:19,6
LF:12
LH:12
BRDA:5,0,0,3
BRDA:5,0,1,2
BRDA:12,1,0,9
BRDA:12,1,1,45
BRF:4
BRH:4
end_of_record
TN:
SF:helpers/swithDecodeEncode.js
FN:5,(anonymous_0)
FNF:1
FNH:0
FNDA:0,(anonymous_0)
DA:1,1
DA:2,1
DA:3,1
DA:5,1
DA:6,0
DA:8,0
DA:16,1
LF:7
LH:5
BRF:0
BRH:0
end_of_record
TN:
SF:stream/fsReadWriteStream.js
FN:5,fsReadWriteStream
FNF:1
FNH:1
FNDA:1,fsReadWriteStream
DA:1,1
DA:2,1
DA:3,1
DA:11,1
DA:24,1
DA:25,1
DA:29,1
DA:35,1
LF:8
LH:8
BRF:0
BRH:0
end_of_record
TN:
SF:stream/transformDecodeEncode.js
FN:4,(anonymous_0)
FN:9,(anonymous_1)
FN:11,(anonymous_2)
FNF:3
FNH:1
FNDA:7,(anonymous_0)
FNDA:0,(anonymous_1)
FNDA:0,(anonymous_2)
DA:1,5
DA:5,7
DA:6,7
DA:10,0
DA:11,0
DA:12,0
DA:15,0
DA:16,0
DA:20,5
LF:9
LH:4
BRF:0
BRH:0
end_of_record
